<?xml version="1.0" encoding="UTF-8"?>
<testng-results total="1" passed="1" failed="0" skipped="0">
  <reporter-output>
  </reporter-output>
  <suite started-at="2021-12-20T08:43:44Z" name="Suite" finished-at="2021-12-20T08:43:51Z" duration-ms="6414">
    <groups>
    </groups>
    <test started-at="2021-12-20T08:43:44Z" name="Test" finished-at="2021-12-20T08:43:51Z" duration-ms="6414">
      <class name="test.ProductsTest">
        <test-method is-config="true" signature="doBeforeTest()[pri:0, instance:test.ProductsTest@a1cdc6d]" started-at="2021-12-20T19:43:44Z" name="doBeforeTest" finished-at="2021-12-20T19:43:44Z" duration-ms="252" status="PASS">
          <reporter-output>
          </reporter-output>
        </test-method> <!-- doBeforeTest -->
        <test-method is-config="true" signature="doBeforeMethod(java.lang.String, java.lang.reflect.Method)[pri:0, instance:test.ProductsTest@a1cdc6d]" started-at="2021-12-20T19:43:44Z" name="doBeforeMethod" finished-at="2021-12-20T19:43:48Z" duration-ms="3535" status="PASS">
          <params>
            <param index="0">
              <value>
                <![CDATA[chrome]]>
              </value>
            </param>
            <param index="1">
              <value>
                <![CDATA[public void test.ProductsTest.clickProductNameTest() throws java.lang.InterruptedException]]>
              </value>
            </param>
          </params>
          <reporter-output>
          </reporter-output>
        </test-method> <!-- doBeforeMethod -->
        <test-method signature="clickProductNameTest()[pri:0, instance:test.ProductsTest@a1cdc6d]" started-at="2021-12-20T19:43:48Z" name="clickProductNameTest" finished-at="2021-12-20T19:43:49Z" duration-ms="1068" status="PASS">
          <reporter-output>
          </reporter-output>
        </test-method> <!-- clickProductNameTest -->
        <test-method is-config="true" signature="doAfterMethod(org.testng.ITestResult)[pri:0, instance:test.ProductsTest@a1cdc6d]" started-at="2021-12-20T19:43:49Z" name="doAfterMethod" finished-at="2021-12-20T19:43:50Z" duration-ms="1188" status="PASS">
          <params>
            <param index="0">
              <value>
                <![CDATA[[TestResult name=clickProductNameTest status=SUCCESS method=ProductsTest.clickProductNameTest()[pri:0, instance:test.ProductsTest@a1cdc6d] output={null}]]]>
              </value>
            </param>
          </params>
          <reporter-output>
          </reporter-output>
        </test-method> <!-- doAfterMethod -->
        <test-method is-config="true" signature="doAfterTest()[pri:0, instance:test.ProductsTest@a1cdc6d]" started-at="2021-12-20T19:43:50Z" name="doAfterTest" finished-at="2021-12-20T19:43:51Z" duration-ms="355" status="PASS">
          <reporter-output>
          </reporter-output>
        </test-method> <!-- doAfterTest -->
      </class> <!-- test.ProductsTest -->
    </test> <!-- Test -->
  </suite> <!-- Suite -->
</testng-results>
