<?xml version="1.0" encoding="UTF-8"?>
<testng-results total="1" passed="0" failed="0" skipped="1">
  <reporter-output>
  </reporter-output>
  <suite started-at="2021-11-10T05:56:23Z" name="Default suite" finished-at="2021-11-10T05:56:23Z" duration-ms="268">
    <groups>
    </groups>
    <test started-at="2021-11-10T05:56:23Z" name="Default test" finished-at="2021-11-10T05:56:23Z" duration-ms="268">
      <class name="test.LoginTest">
        <test-method is-config="true" signature="doBeforeTest()[pri:0, instance:test.LoginTest@5082d622]" started-at="2021-11-10T16:56:23Z" name="doBeforeTest" finished-at="2021-11-10T16:56:23Z" duration-ms="236" status="PASS">
          <reporter-output>
          </reporter-output>
        </test-method> <!-- doBeforeTest -->
        <test-method is-config="true" signature="doBeforeMethod(java.lang.String, java.lang.reflect.Method)[pri:0, instance:test.LoginTest@5082d622]" started-at="2021-11-10T16:56:23Z" name="doBeforeMethod" finished-at="2021-11-10T16:56:23Z" duration-ms="0" status="FAIL">
          <exception class="org.testng.TestNGException">
            <message>
              <![CDATA[
Parameter 'browser' is required by @Configuration on method doBeforeMethod but has not been marked @Optional or defined
in C:\Users\gatar\AppData\Local\Temp\testng-eclipse--1256558158\testng-customsuite.xml]]>
            </message>
            <full-stacktrace>
              <![CDATA[org.testng.TestNGException: 
Parameter 'browser' is required by @Configuration on method doBeforeMethod but has not been marked @Optional or defined
in C:\Users\gatar\AppData\Local\Temp\testng-eclipse--1256558158\testng-customsuite.xml
	at org.testng.internal.Parameters.createParameters(Parameters.java:154)
	at org.testng.internal.Parameters.createParameters(Parameters.java:361)
	at org.testng.internal.Parameters.createConfigurationParameters(Parameters.java:84)
	at org.testng.internal.Invoker.invokeConfigurations(Invoker.java:201)
	at org.testng.internal.Invoker.invokeMethod(Invoker.java:589)
	at org.testng.internal.Invoker.invokeTestMethod(Invoker.java:820)
	at org.testng.internal.Invoker.invokeTestMethods(Invoker.java:1128)
	at org.testng.internal.TestMethodWorker.invokeTestMethods(TestMethodWorker.java:129)
	at org.testng.internal.TestMethodWorker.run(TestMethodWorker.java:112)
	at org.testng.TestRunner.privateRun(TestRunner.java:782)
	at org.testng.TestRunner.run(TestRunner.java:632)
	at org.testng.SuiteRunner.runTest(SuiteRunner.java:366)
	at org.testng.SuiteRunner.runSequentially(SuiteRunner.java:361)
	at org.testng.SuiteRunner.privateRun(SuiteRunner.java:319)
	at org.testng.SuiteRunner.run(SuiteRunner.java:268)
	at org.testng.SuiteRunnerWorker.runSuite(SuiteRunnerWorker.java:52)
	at org.testng.SuiteRunnerWorker.run(SuiteRunnerWorker.java:86)
	at org.testng.TestNG.runSuitesSequentially(TestNG.java:1244)
	at org.testng.TestNG.runSuitesLocally(TestNG.java:1169)
	at org.testng.TestNG.run(TestNG.java:1064)
	at org.testng.remote.AbstractRemoteTestNG.run(AbstractRemoteTestNG.java:115)
	at org.testng.remote.RemoteTestNG.initAndRun(RemoteTestNG.java:251)
	at org.testng.remote.RemoteTestNG.main(RemoteTestNG.java:77)
]]>
            </full-stacktrace>
          </exception> <!-- org.testng.TestNGException -->
          <reporter-output>
          </reporter-output>
        </test-method> <!-- doBeforeMethod -->
        <test-method signature="Login()[pri:0, instance:test.LoginTest@5082d622]" started-at="2021-11-10T16:56:23Z" name="Login" finished-at="2021-11-10T16:56:23Z" duration-ms="1" status="SKIP">
          <reporter-output>
          </reporter-output>
        </test-method> <!-- Login -->
        <test-method is-config="true" signature="doAfterMethod(org.testng.ITestResult)[pri:0, instance:test.LoginTest@5082d622]" started-at="2021-11-10T16:56:23Z" name="doAfterMethod" finished-at="2021-11-10T16:56:23Z" duration-ms="0" status="SKIP">
          <reporter-output>
          </reporter-output>
        </test-method> <!-- doAfterMethod -->
        <test-method is-config="true" signature="doAfterTest()[pri:0, instance:test.LoginTest@5082d622]" started-at="2021-11-10T16:56:23Z" name="doAfterTest" finished-at="2021-11-10T16:56:23Z" duration-ms="0" status="SKIP">
          <reporter-output>
          </reporter-output>
        </test-method> <!-- doAfterTest -->
      </class> <!-- test.LoginTest -->
    </test> <!-- Default test -->
  </suite> <!-- Default suite -->
</testng-results>
